#-----------------------------------------------------------
# Vivado v2017.2.1 (64-bit)
# SW Build 1957588 on Wed Aug  9 16:32:24 MDT 2017
# IP Build 1948039 on Wed Aug  9 18:19:28 MDT 2017
# Start of session at: Sun Oct 22 19:37:57 2017
# Process ID: 14648
# Current directory: C:/Users/Juan Carlos/Xilinx/project 34 segment/project_34_segment
# Command line: vivado.exe -gui_launcher_event rodinguilauncherevent3568 C:\Users\Juan Carlos\Xilinx\project 34 segment\project_34_segment\project_34_segment.xpr
# Log file: C:/Users/Juan Carlos/Xilinx/project 34 segment/project_34_segment/vivado.log
# Journal file: C:/Users/Juan Carlos/Xilinx/project 34 segment/project_34_segment\vivado.jou
#-----------------------------------------------------------
start_gui
open_project {C:/Users/Juan Carlos/Xilinx/project 34 segment/project_34_segment/project_34_segment.xpr}
Scanning sources...
Finished scanning sources
INFO: [IP_Flow 19-234] Refreshing IP repositories
INFO: [IP_Flow 19-1704] No user IP repositories specified
INFO: [IP_Flow 19-2313] Loaded Vivado IP repository 'D:/Programas/xilinx/Vivado/2017.2/data/ip'.
update_compile_order -fileset sources_1
update_compile_order -fileset sources_1
