Vivado Simulator 2017.2
Copyright 1986-1999, 2001-2016 Xilinx, Inc. All Rights Reserved.
Running: D:/Programas/xilinx/Vivado/2017.2/bin/unwrapped/win64.o/xelab.exe -wto eee66d790eb740e9be0fe0ff951268f2 --debug typical --relax --mt 8 -L xil_defaultlib -L secureip --snapshot test_imp_sim_behav xil_defaultlib.test_imp_sim -log elaborate.log 
Using 8 slave threads.
Starting static elaboration
Completed static elaboration
Starting simulation data flow analysis
Completed simulation data flow analysis
Time Resolution for simulation is 1ps
Compiling package std.standard
Compiling package std.textio
Compiling package ieee.std_logic_1164
Compiling package ieee.std_logic_arith
Compiling package ieee.std_logic_unsigned
Compiling package ieee.numeric_std
Compiling architecture behavioral of entity xil_defaultlib.nombres [nombres_default]
Compiling architecture behavioral of entity xil_defaultlib.segment_decoder_34 [segment_decoder_34_default]
Compiling architecture behavioral of entity xil_defaultlib.display_34 [display_34_default]
Compiling architecture behavioral of entity xil_defaultlib.test_imp [test_imp_default]
Compiling architecture behavioral of entity xil_defaultlib.test_imp_sim
Built simulation snapshot test_imp_sim_behav
